2025-11-12 19:07:14,895 - INFO - ============================================================
2025-11-12 19:07:14,896 - INFO - INICIANDO SCRIPT DE MOVIMENTAÇÃO DE ARQUIVOS .PS1
2025-11-12 19:07:14,896 - INFO - ============================================================
2025-11-12 19:07:14,897 - INFO - Procurando arquivos .ps1 em: C:\Users\nicol\OneDrive\Avila
2025-11-12 19:07:14,904 - INFO - Encontrado: C:\Users\nicol\OneDrive\Avila\AvilaInc\send_report.ps1
2025-11-12 19:07:14,904 - INFO - Encontrado: C:\Users\nicol\OneDrive\Avila\AvilaInc\setup_scheduler.ps1
2025-11-12 19:07:14,906 - INFO - Encontrado: C:\Users\nicol\OneDrive\Avila\Scripts\avila-sync.ps1
2025-11-12 19:07:14,906 - INFO - Encontrado: C:\Users\nicol\OneDrive\Avila\Scripts\convert-simple.ps1
2025-11-12 19:07:14,907 - INFO - Encontrado: C:\Users\nicol\OneDrive\Avila\Scripts\convert-to-markdown.ps1
2025-11-12 19:07:14,907 - INFO - Encontrado: C:\Users\nicol\OneDrive\Avila\Scripts\git-setup-fixed.ps1
2025-11-12 19:07:14,907 - INFO - Encontrado: C:\Users\nicol\OneDrive\Avila\Scripts\git-simple.ps1
2025-11-12 19:07:14,907 - INFO - Encontrado: C:\Users\nicol\OneDrive\Avila\Scripts\setup-git-avila.ps1
2025-11-12 19:07:14,908 - INFO - Encontrado: C:\Users\nicol\OneDrive\Avila\Scripts\sync-center.ps1
2025-11-12 19:07:14,910 - INFO - Encontrado: C:\Users\nicol\OneDrive\Avila\Setup\Inicializar-Git.ps1
2025-11-12 19:07:14,910 - INFO - Encontrado: C:\Users\nicol\OneDrive\Avila\Setup\Validar-ConfiguracaoIDE.ps1
2025-11-12 19:07:14,913 - INFO - Encontrado: C:\Users\nicol\OneDrive\Avila\Shared\scripts\Salvar-Analise.ps1
2025-11-12 19:07:14,929 - INFO - Encontrado: C:\Users\nicol\OneDrive\Avila\Docs\Instruções\automated-processor.ps1
2025-11-12 19:07:14,929 - INFO - Encontrado: C:\Users\nicol\OneDrive\Avila\Docs\Instruções\Consolidate-Documentation.ps1
2025-11-12 19:07:14,929 - INFO - Encontrado: C:\Users\nicol\OneDrive\Avila\Docs\Instruções\consolidation-config.ps1
2025-11-12 19:07:14,930 - INFO - Encontrado: C:\Users\nicol\OneDrive\Avila\Docs\Instruções\DocumentDirector.ps1
2025-11-12 19:07:14,930 - INFO - Encontrado: C:\Users\nicol\OneDrive\Avila\Docs\Instruções\exclusion-filters.ps1
2025-11-12 19:07:14,930 - INFO - Encontrado: C:\Users\nicol\OneDrive\Avila\Docs\Instruções\install-automation.ps1
2025-11-12 19:07:14,940 - INFO - Encontrado: C:\Users\nicol\OneDrive\Avila\Docs\scripts\archivus.ps1
2025-11-12 19:07:14,969 - INFO - Encontrado: C:\Users\nicol\OneDrive\Avila\AvilaOps\ai\Run-Archivus.ps1
2025-11-12 19:07:14,974 - INFO - Encontrado: C:\Users\nicol\OneDrive\Avila\AvilaOps\products\barbara\apply-migrations-azure.ps1
2025-11-12 19:07:14,975 - INFO - Encontrado: C:\Users\nicol\OneDrive\Avila\AvilaOps\products\barbara\check-azure-resources.ps1
2025-11-12 19:07:14,975 - INFO - Encontrado: C:\Users\nicol\OneDrive\Avila\AvilaOps\products\barbara\cleanup-workflows.ps1
2025-11-12 19:07:14,975 - INFO - Encontrado: C:\Users\nicol\OneDrive\Avila\AvilaOps\products\barbara\deploy-agora.ps1
2025-11-12 19:07:14,975 - INFO - Encontrado: C:\Users\nicol\OneDrive\Avila\AvilaOps\products\barbara\deploy-azure-complete.ps1
2025-11-12 19:07:14,976 - INFO - Encontrado: C:\Users\nicol\OneDrive\Avila\AvilaOps\products\barbara\deploy-azure-mongodb.ps1
2025-11-12 19:07:14,976 - INFO - Encontrado: C:\Users\nicol\OneDrive\Avila\AvilaOps\products\barbara\deploy-azure.ps1
2025-11-12 19:07:14,976 - INFO - Encontrado: C:\Users\nicol\OneDrive\Avila\AvilaOps\products\barbara\deploy-simple.ps1
2025-11-12 19:07:14,976 - INFO - Encontrado: C:\Users\nicol\OneDrive\Avila\AvilaOps\products\barbara\deploy.ps1
2025-11-12 19:07:14,977 - INFO - Encontrado: C:\Users\nicol\OneDrive\Avila\AvilaOps\products\barbara\docker.ps1
2025-11-12 19:07:14,977 - INFO - Encontrado: C:\Users\nicol\OneDrive\Avila\AvilaOps\products\barbara\finalizar-migracao-mongodb.ps1
2025-11-12 19:07:14,977 - INFO - Encontrado: C:\Users\nicol\OneDrive\Avila\AvilaOps\products\barbara\fix-security.ps1
2025-11-12 19:07:14,977 - INFO - Encontrado: C:\Users\nicol\OneDrive\Avila\AvilaOps\products\barbara\setup-unity-secrets.ps1
2025-11-12 19:07:14,977 - INFO - Encontrado: C:\Users\nicol\OneDrive\Avila\AvilaOps\products\barbara\setup.ps1
2025-11-12 19:07:14,978 - INFO - Encontrado: C:\Users\nicol\OneDrive\Avila\AvilaOps\products\barbara\test-api-quick.ps1
2025-11-12 19:07:14,978 - INFO - Encontrado: C:\Users\nicol\OneDrive\Avila\AvilaOps\products\barbara\test-azure-api.ps1
2025-11-12 19:07:14,979 - INFO - Encontrado: C:\Users\nicol\OneDrive\Avila\AvilaOps\products\Controle-Roncatin\build-release.ps1
2025-11-12 19:07:14,979 - INFO - Encontrado: C:\Users\nicol\OneDrive\Avila\AvilaOps\products\Controle-Roncatin\create-installer.ps1
2025-11-12 19:07:14,980 - INFO - Encontrado: C:\Users\nicol\OneDrive\Avila\AvilaOps\products\Controle-Roncatin\package-local.ps1
2025-11-12 19:07:14,981 - INFO - Encontrado: C:\Users\nicol\OneDrive\Avila\AvilaOps\products\geolocation\deploy-appservice.ps1
2025-11-12 19:07:14,981 - INFO - Encontrado: C:\Users\nicol\OneDrive\Avila\AvilaOps\products\geolocation\deploy-phased.ps1
2025-11-12 19:07:14,982 - INFO - Encontrado: C:\Users\nicol\OneDrive\Avila\AvilaOps\products\geolocation\deploy.ps1
2025-11-12 19:07:14,982 - INFO - Encontrado: C:\Users\nicol\OneDrive\Avila\AvilaOps\products\geolocation\update-container-app.ps1
2025-11-12 19:07:14,987 - INFO - Encontrado: C:\Users\nicol\OneDrive\Avila\AvilaOps\products\report-framework\launch_avila_reports.ps1
2025-11-12 19:07:14,989 - INFO - Encontrado: C:\Users\nicol\OneDrive\Avila\AvilaOps\products\windows-dev-optimizer\setup.ps1
2025-11-12 19:07:14,989 - INFO - Encontrado: C:\Users\nicol\OneDrive\Avila\AvilaOps\products\windows-dev-optimizer\start_windows_dev_optimizer.ps1
2025-11-12 19:07:14,990 - INFO - Encontrado: C:\Users\nicol\OneDrive\Avila\AvilaOps\products\windows-dev-optimizer\validate_governance.ps1
2025-11-12 19:07:14,991 - INFO - Encontrado: C:\Users\nicol\OneDrive\Avila\AvilaOps\products\windows-dev-optimizer\build\create_installer.ps1
2025-11-12 19:07:14,992 - INFO - Encontrado: C:\Users\nicol\OneDrive\Avila\AvilaOps\products\windows-dev-optimizer\build\prepare_inno_assets.ps1
2025-11-12 19:07:15,097 - INFO - Encontrado: C:\Users\nicol\OneDrive\Avila\AvilaOps\products\secreta\apps\web\node_modules\.bin\loose-envify.ps1
2025-11-12 19:07:15,098 - INFO - Encontrado: C:\Users\nicol\OneDrive\Avila\AvilaOps\products\secreta\apps\web\node_modules\.bin\nanoid.ps1
2025-11-12 19:07:15,098 - INFO - Encontrado: C:\Users\nicol\OneDrive\Avila\AvilaOps\products\secreta\apps\web\node_modules\.bin\next.ps1
2025-11-12 19:07:15,098 - INFO - Encontrado: C:\Users\nicol\OneDrive\Avila\AvilaOps\products\secreta\apps\web\node_modules\.bin\semver.ps1
2025-11-12 19:07:15,098 - INFO - Encontrado: C:\Users\nicol\OneDrive\Avila\AvilaOps\products\secreta\apps\web\node_modules\.bin\tsc.ps1
2025-11-12 19:07:15,099 - INFO - Encontrado: C:\Users\nicol\OneDrive\Avila\AvilaOps\products\secreta\apps\web\node_modules\.bin\tsserver.ps1
2025-11-12 19:07:15,858 - INFO - Encontrado: C:\Users\nicol\OneDrive\Avila\AvilaOps\products\secreta\apps\web\apps\web\node_modules\.bin\nanoid.ps1
2025-11-12 19:07:15,858 - INFO - Encontrado: C:\Users\nicol\OneDrive\Avila\AvilaOps\products\secreta\apps\web\apps\web\node_modules\.bin\next.ps1
2025-11-12 19:07:15,858 - INFO - Encontrado: C:\Users\nicol\OneDrive\Avila\AvilaOps\products\secreta\apps\web\apps\web\node_modules\.bin\semver.ps1
2025-11-12 19:07:16,669 - INFO - Encontrado: C:\Users\nicol\OneDrive\Avila\AvilaOps\products\secreta\apps\api\node_modules\.bin\esbuild.ps1
2025-11-12 19:07:16,669 - INFO - Encontrado: C:\Users\nicol\OneDrive\Avila\AvilaOps\products\secreta\apps\api\node_modules\.bin\mime.ps1
2025-11-12 19:07:16,670 - INFO - Encontrado: C:\Users\nicol\OneDrive\Avila\AvilaOps\products\secreta\apps\api\node_modules\.bin\tsc.ps1
2025-11-12 19:07:16,670 - INFO - Encontrado: C:\Users\nicol\OneDrive\Avila\AvilaOps\products\secreta\apps\api\node_modules\.bin\tsserver.ps1
2025-11-12 19:07:16,671 - INFO - Encontrado: C:\Users\nicol\OneDrive\Avila\AvilaOps\products\secreta\apps\api\node_modules\.bin\tsx.ps1
2025-11-12 19:07:20,060 - INFO - Encontrado: C:\Users\nicol\OneDrive\Avila\AvilaOps\products\camacho\scripts\setup-deploy.ps1
2025-11-12 19:07:20,073 - INFO - Encontrado: C:\Users\nicol\OneDrive\Avila\AvilaOps\products\camacho\node_modules\.bin\acorn.ps1
2025-11-12 19:07:20,073 - INFO - Encontrado: C:\Users\nicol\OneDrive\Avila\AvilaOps\products\camacho\node_modules\.bin\autoprefixer.ps1
2025-11-12 19:07:20,074 - INFO - Encontrado: C:\Users\nicol\OneDrive\Avila\AvilaOps\products\camacho\node_modules\.bin\baseline-browser-mapping.ps1
2025-11-12 19:07:20,074 - INFO - Encontrado: C:\Users\nicol\OneDrive\Avila\AvilaOps\products\camacho\node_modules\.bin\browserslist.ps1
2025-11-12 19:07:20,074 - INFO - Encontrado: C:\Users\nicol\OneDrive\Avila\AvilaOps\products\camacho\node_modules\.bin\cssesc.ps1
2025-11-12 19:07:20,074 - INFO - Encontrado: C:\Users\nicol\OneDrive\Avila\AvilaOps\products\camacho\node_modules\.bin\esbuild.ps1
2025-11-12 19:07:20,075 - INFO - Encontrado: C:\Users\nicol\OneDrive\Avila\AvilaOps\products\camacho\node_modules\.bin\eslint.ps1
2025-11-12 19:07:20,075 - INFO - Encontrado: C:\Users\nicol\OneDrive\Avila\AvilaOps\products\camacho\node_modules\.bin\is-docker.ps1
2025-11-12 19:07:20,075 - INFO - Encontrado: C:\Users\nicol\OneDrive\Avila\AvilaOps\products\camacho\node_modules\.bin\is-inside-container.ps1
2025-11-12 19:07:20,076 - INFO - Encontrado: C:\Users\nicol\OneDrive\Avila\AvilaOps\products\camacho\node_modules\.bin\jiti.ps1
2025-11-12 19:07:20,076 - INFO - Encontrado: C:\Users\nicol\OneDrive\Avila\AvilaOps\products\camacho\node_modules\.bin\js-yaml.ps1
2025-11-12 19:07:20,076 - INFO - Encontrado: C:\Users\nicol\OneDrive\Avila\AvilaOps\products\camacho\node_modules\.bin\jsesc.ps1
2025-11-12 19:07:20,076 - INFO - Encontrado: C:\Users\nicol\OneDrive\Avila\AvilaOps\products\camacho\node_modules\.bin\json5.ps1
2025-11-12 19:07:20,076 - INFO - Encontrado: C:\Users\nicol\OneDrive\Avila\AvilaOps\products\camacho\node_modules\.bin\loose-envify.ps1
2025-11-12 19:07:20,077 - INFO - Encontrado: C:\Users\nicol\OneDrive\Avila\AvilaOps\products\camacho\node_modules\.bin\lz-string.ps1
2025-11-12 19:07:20,077 - INFO - Encontrado: C:\Users\nicol\OneDrive\Avila\AvilaOps\products\camacho\node_modules\.bin\nanoid.ps1
2025-11-12 19:07:20,077 - INFO - Encontrado: C:\Users\nicol\OneDrive\Avila\AvilaOps\products\camacho\node_modules\.bin\napi-postinstall.ps1
2025-11-12 19:07:20,077 - INFO - Encontrado: C:\Users\nicol\OneDrive\Avila\AvilaOps\products\camacho\node_modules\.bin\next.ps1
2025-11-12 19:07:20,078 - INFO - Encontrado: C:\Users\nicol\OneDrive\Avila\AvilaOps\products\camacho\node_modules\.bin\node-which.ps1
2025-11-12 19:07:20,078 - INFO - Encontrado: C:\Users\nicol\OneDrive\Avila\AvilaOps\products\camacho\node_modules\.bin\parser.ps1
2025-11-12 19:07:20,078 - INFO - Encontrado: C:\Users\nicol\OneDrive\Avila\AvilaOps\products\camacho\node_modules\.bin\prettier.ps1
2025-11-12 19:07:20,078 - INFO - Encontrado: C:\Users\nicol\OneDrive\Avila\AvilaOps\products\camacho\node_modules\.bin\proto-loader-gen-types.ps1
2025-11-12 19:07:20,078 - INFO - Encontrado: C:\Users\nicol\OneDrive\Avila\AvilaOps\products\camacho\node_modules\.bin\regexp-tree.ps1
2025-11-12 19:07:20,078 - INFO - Encontrado: C:\Users\nicol\OneDrive\Avila\AvilaOps\products\camacho\node_modules\.bin\resolve.ps1
2025-11-12 19:07:20,079 - INFO - Encontrado: C:\Users\nicol\OneDrive\Avila\AvilaOps\products\camacho\node_modules\.bin\rimraf.ps1
2025-11-12 19:07:20,079 - INFO - Encontrado: C:\Users\nicol\OneDrive\Avila\AvilaOps\products\camacho\node_modules\.bin\rollup.ps1
2025-11-12 19:07:20,079 - INFO - Encontrado: C:\Users\nicol\OneDrive\Avila\AvilaOps\products\camacho\node_modules\.bin\semver.ps1
2025-11-12 19:07:20,079 - INFO - Encontrado: C:\Users\nicol\OneDrive\Avila\AvilaOps\products\camacho\node_modules\.bin\sucrase-node.ps1
2025-11-12 19:07:20,079 - INFO - Encontrado: C:\Users\nicol\OneDrive\Avila\AvilaOps\products\camacho\node_modules\.bin\sucrase.ps1
2025-11-12 19:07:20,080 - INFO - Encontrado: C:\Users\nicol\OneDrive\Avila\AvilaOps\products\camacho\node_modules\.bin\tailwind.ps1
2025-11-12 19:07:20,080 - INFO - Encontrado: C:\Users\nicol\OneDrive\Avila\AvilaOps\products\camacho\node_modules\.bin\tailwindcss.ps1
2025-11-12 19:07:20,080 - INFO - Encontrado: C:\Users\nicol\OneDrive\Avila\AvilaOps\products\camacho\node_modules\.bin\tldts.ps1
2025-11-12 19:07:20,080 - INFO - Encontrado: C:\Users\nicol\OneDrive\Avila\AvilaOps\products\camacho\node_modules\.bin\tsc.ps1
2025-11-12 19:07:20,081 - INFO - Encontrado: C:\Users\nicol\OneDrive\Avila\AvilaOps\products\camacho\node_modules\.bin\tsserver.ps1
2025-11-12 19:07:20,081 - INFO - Encontrado: C:\Users\nicol\OneDrive\Avila\AvilaOps\products\camacho\node_modules\.bin\update-browserslist-db.ps1
2025-11-12 19:07:20,081 - INFO - Encontrado: C:\Users\nicol\OneDrive\Avila\AvilaOps\products\camacho\node_modules\.bin\uuid.ps1
2025-11-12 19:07:20,081 - INFO - Encontrado: C:\Users\nicol\OneDrive\Avila\AvilaOps\products\camacho\node_modules\.bin\vite.ps1
2025-11-12 19:07:20,082 - INFO - Encontrado: C:\Users\nicol\OneDrive\Avila\AvilaOps\products\camacho\node_modules\.bin\vitest.ps1
2025-11-12 19:07:20,082 - INFO - Encontrado: C:\Users\nicol\OneDrive\Avila\AvilaOps\products\camacho\node_modules\.bin\why-is-node-running.ps1
2025-11-12 19:07:20,561 - INFO - Encontrado: C:\Users\nicol\OneDrive\Avila\AvilaOps\products\camacho\node_modules\tsconfig-paths\node_modules\.bin\json5.ps1
2025-11-12 19:07:20,646 - INFO - Encontrado: C:\Users\nicol\OneDrive\Avila\AvilaOps\products\camacho\node_modules\sucrase\node_modules\.bin\glob.ps1
2025-11-12 19:07:22,162 - INFO - Encontrado: C:\Users\nicol\OneDrive\Avila\AvilaOps\products\camacho\node_modules\eslint-plugin-react\node_modules\.bin\resolve.ps1
2025-11-12 19:07:22,163 - INFO - Encontrado: C:\Users\nicol\OneDrive\Avila\AvilaOps\products\camacho\node_modules\eslint-plugin-react\node_modules\.bin\semver.ps1
2025-11-12 19:07:22,322 - INFO - Encontrado: C:\Users\nicol\OneDrive\Avila\AvilaOps\products\camacho\node_modules\eslint-plugin-import\node_modules\.bin\semver.ps1
2025-11-12 19:07:25,348 - INFO - Encontrado: C:\Users\nicol\OneDrive\Avila\AvilaOps\products\camacho\node_modules\@babel\helper-compilation-targets\node_modules\.bin\semver.ps1
2025-11-12 19:07:25,357 - INFO - Encontrado: C:\Users\nicol\OneDrive\Avila\AvilaOps\products\camacho\node_modules\@babel\core\node_modules\.bin\semver.ps1
2025-11-12 19:07:27,211 - INFO - Total de arquivos .ps1 encontrados: 110
2025-11-12 19:08:23,830 - INFO - ============================================================
2025-11-12 19:08:23,831 - INFO - INICIANDO SCRIPT DE MOVIMENTAÇÃO DE ARQUIVOS .PS1
2025-11-12 19:08:23,831 - INFO - ============================================================
2025-11-12 19:08:23,831 - INFO - Procurando arquivos .ps1 em: C:\Users\nicol\OneDrive\Avila
2025-11-12 19:08:23,833 - INFO - Encontrado: C:\Users\nicol\OneDrive\Avila\AvilaInc\send_report.ps1
2025-11-12 19:08:23,834 - INFO - Encontrado: C:\Users\nicol\OneDrive\Avila\AvilaInc\setup_scheduler.ps1
2025-11-12 19:08:23,835 - INFO - Encontrado: C:\Users\nicol\OneDrive\Avila\Scripts\avila-sync.ps1
2025-11-12 19:08:23,835 - INFO - Encontrado: C:\Users\nicol\OneDrive\Avila\Scripts\convert-simple.ps1
2025-11-12 19:08:23,835 - INFO - Encontrado: C:\Users\nicol\OneDrive\Avila\Scripts\convert-to-markdown.ps1
2025-11-12 19:08:23,835 - INFO - Encontrado: C:\Users\nicol\OneDrive\Avila\Scripts\git-setup-fixed.ps1
2025-11-12 19:08:23,835 - INFO - Encontrado: C:\Users\nicol\OneDrive\Avila\Scripts\git-simple.ps1
2025-11-12 19:08:23,836 - INFO - Encontrado: C:\Users\nicol\OneDrive\Avila\Scripts\setup-git-avila.ps1
2025-11-12 19:08:23,836 - INFO - Encontrado: C:\Users\nicol\OneDrive\Avila\Scripts\sync-center.ps1
2025-11-12 19:08:23,836 - INFO - Encontrado: C:\Users\nicol\OneDrive\Avila\Setup\Inicializar-Git.ps1
2025-11-12 19:08:23,837 - INFO - Encontrado: C:\Users\nicol\OneDrive\Avila\Setup\Validar-ConfiguracaoIDE.ps1
2025-11-12 19:08:23,838 - INFO - Encontrado: C:\Users\nicol\OneDrive\Avila\Shared\scripts\Salvar-Analise.ps1
2025-11-12 19:08:23,847 - INFO - Encontrado: C:\Users\nicol\OneDrive\Avila\Docs\Instruções\automated-processor.ps1
2025-11-12 19:08:23,847 - INFO - Encontrado: C:\Users\nicol\OneDrive\Avila\Docs\Instruções\Consolidate-Documentation.ps1
2025-11-12 19:08:23,847 - INFO - Encontrado: C:\Users\nicol\OneDrive\Avila\Docs\Instruções\consolidation-config.ps1
2025-11-12 19:08:23,848 - INFO - Encontrado: C:\Users\nicol\OneDrive\Avila\Docs\Instruções\DocumentDirector.ps1
2025-11-12 19:08:23,848 - INFO - Encontrado: C:\Users\nicol\OneDrive\Avila\Docs\Instruções\exclusion-filters.ps1
2025-11-12 19:08:23,848 - INFO - Encontrado: C:\Users\nicol\OneDrive\Avila\Docs\Instruções\install-automation.ps1
2025-11-12 19:08:23,851 - INFO - Encontrado: C:\Users\nicol\OneDrive\Avila\Docs\scripts\archivus.ps1
2025-11-12 19:08:23,865 - INFO - Encontrado: C:\Users\nicol\OneDrive\Avila\AvilaOps\ai\Run-Archivus.ps1
2025-11-12 19:08:23,869 - INFO - Encontrado: C:\Users\nicol\OneDrive\Avila\AvilaOps\products\barbara\apply-migrations-azure.ps1
2025-11-12 19:08:23,869 - INFO - Encontrado: C:\Users\nicol\OneDrive\Avila\AvilaOps\products\barbara\check-azure-resources.ps1
2025-11-12 19:08:23,870 - INFO - Encontrado: C:\Users\nicol\OneDrive\Avila\AvilaOps\products\barbara\cleanup-workflows.ps1
2025-11-12 19:08:23,870 - INFO - Encontrado: C:\Users\nicol\OneDrive\Avila\AvilaOps\products\barbara\deploy-agora.ps1
2025-11-12 19:08:23,870 - INFO - Encontrado: C:\Users\nicol\OneDrive\Avila\AvilaOps\products\barbara\deploy-azure-complete.ps1
2025-11-12 19:08:23,871 - INFO - Encontrado: C:\Users\nicol\OneDrive\Avila\AvilaOps\products\barbara\deploy-azure-mongodb.ps1
2025-11-12 19:08:23,871 - INFO - Encontrado: C:\Users\nicol\OneDrive\Avila\AvilaOps\products\barbara\deploy-azure.ps1
2025-11-12 19:08:23,872 - INFO - Encontrado: C:\Users\nicol\OneDrive\Avila\AvilaOps\products\barbara\deploy-simple.ps1
2025-11-12 19:08:23,872 - INFO - Encontrado: C:\Users\nicol\OneDrive\Avila\AvilaOps\products\barbara\deploy.ps1
2025-11-12 19:08:23,872 - INFO - Encontrado: C:\Users\nicol\OneDrive\Avila\AvilaOps\products\barbara\docker.ps1
2025-11-12 19:08:23,872 - INFO - Encontrado: C:\Users\nicol\OneDrive\Avila\AvilaOps\products\barbara\finalizar-migracao-mongodb.ps1
2025-11-12 19:08:23,872 - INFO - Encontrado: C:\Users\nicol\OneDrive\Avila\AvilaOps\products\barbara\fix-security.ps1
2025-11-12 19:08:23,873 - INFO - Encontrado: C:\Users\nicol\OneDrive\Avila\AvilaOps\products\barbara\setup-unity-secrets.ps1
2025-11-12 19:08:23,873 - INFO - Encontrado: C:\Users\nicol\OneDrive\Avila\AvilaOps\products\barbara\setup.ps1
2025-11-12 19:08:23,873 - INFO - Encontrado: C:\Users\nicol\OneDrive\Avila\AvilaOps\products\barbara\test-api-quick.ps1
2025-11-12 19:08:23,874 - INFO - Encontrado: C:\Users\nicol\OneDrive\Avila\AvilaOps\products\barbara\test-azure-api.ps1
2025-11-12 19:08:23,874 - INFO - Encontrado: C:\Users\nicol\OneDrive\Avila\AvilaOps\products\Controle-Roncatin\build-release.ps1
2025-11-12 19:08:23,875 - INFO - Encontrado: C:\Users\nicol\OneDrive\Avila\AvilaOps\products\Controle-Roncatin\create-installer.ps1
2025-11-12 19:08:23,875 - INFO - Encontrado: C:\Users\nicol\OneDrive\Avila\AvilaOps\products\Controle-Roncatin\package-local.ps1
2025-11-12 19:08:23,876 - INFO - Encontrado: C:\Users\nicol\OneDrive\Avila\AvilaOps\products\geolocation\deploy-appservice.ps1
2025-11-12 19:08:23,876 - INFO - Encontrado: C:\Users\nicol\OneDrive\Avila\AvilaOps\products\geolocation\deploy-phased.ps1
2025-11-12 19:08:23,877 - INFO - Encontrado: C:\Users\nicol\OneDrive\Avila\AvilaOps\products\geolocation\deploy.ps1
2025-11-12 19:08:23,877 - INFO - Encontrado: C:\Users\nicol\OneDrive\Avila\AvilaOps\products\geolocation\update-container-app.ps1
2025-11-12 19:08:23,880 - INFO - Encontrado: C:\Users\nicol\OneDrive\Avila\AvilaOps\products\report-framework\launch_avila_reports.ps1
2025-11-12 19:08:23,881 - INFO - Encontrado: C:\Users\nicol\OneDrive\Avila\AvilaOps\products\windows-dev-optimizer\setup.ps1
2025-11-12 19:08:23,881 - INFO - Encontrado: C:\Users\nicol\OneDrive\Avila\AvilaOps\products\windows-dev-optimizer\start_windows_dev_optimizer.ps1
2025-11-12 19:08:23,882 - INFO - Encontrado: C:\Users\nicol\OneDrive\Avila\AvilaOps\products\windows-dev-optimizer\validate_governance.ps1
2025-11-12 19:08:23,883 - INFO - Encontrado: C:\Users\nicol\OneDrive\Avila\AvilaOps\products\windows-dev-optimizer\build\create_installer.ps1
2025-11-12 19:08:23,883 - INFO - Encontrado: C:\Users\nicol\OneDrive\Avila\AvilaOps\products\windows-dev-optimizer\build\prepare_inno_assets.ps1
2025-11-12 19:08:23,930 - INFO - Encontrado: C:\Users\nicol\OneDrive\Avila\AvilaOps\products\secreta\apps\web\node_modules\.bin\loose-envify.ps1
2025-11-12 19:08:23,930 - INFO - Encontrado: C:\Users\nicol\OneDrive\Avila\AvilaOps\products\secreta\apps\web\node_modules\.bin\nanoid.ps1
2025-11-12 19:08:23,931 - INFO - Encontrado: C:\Users\nicol\OneDrive\Avila\AvilaOps\products\secreta\apps\web\node_modules\.bin\next.ps1
2025-11-12 19:08:23,931 - INFO - Encontrado: C:\Users\nicol\OneDrive\Avila\AvilaOps\products\secreta\apps\web\node_modules\.bin\semver.ps1
2025-11-12 19:08:23,931 - INFO - Encontrado: C:\Users\nicol\OneDrive\Avila\AvilaOps\products\secreta\apps\web\node_modules\.bin\tsc.ps1
2025-11-12 19:08:23,932 - INFO - Encontrado: C:\Users\nicol\OneDrive\Avila\AvilaOps\products\secreta\apps\web\node_modules\.bin\tsserver.ps1
2025-11-12 19:08:24,209 - INFO - Encontrado: C:\Users\nicol\OneDrive\Avila\AvilaOps\products\secreta\apps\web\apps\web\node_modules\.bin\nanoid.ps1
2025-11-12 19:08:24,209 - INFO - Encontrado: C:\Users\nicol\OneDrive\Avila\AvilaOps\products\secreta\apps\web\apps\web\node_modules\.bin\next.ps1
2025-11-12 19:08:24,209 - INFO - Encontrado: C:\Users\nicol\OneDrive\Avila\AvilaOps\products\secreta\apps\web\apps\web\node_modules\.bin\semver.ps1
2025-11-12 19:08:24,436 - INFO - Encontrado: C:\Users\nicol\OneDrive\Avila\AvilaOps\products\secreta\apps\api\node_modules\.bin\esbuild.ps1
2025-11-12 19:08:24,436 - INFO - Encontrado: C:\Users\nicol\OneDrive\Avila\AvilaOps\products\secreta\apps\api\node_modules\.bin\mime.ps1
2025-11-12 19:08:24,436 - INFO - Encontrado: C:\Users\nicol\OneDrive\Avila\AvilaOps\products\secreta\apps\api\node_modules\.bin\tsc.ps1
2025-11-12 19:08:24,436 - INFO - Encontrado: C:\Users\nicol\OneDrive\Avila\AvilaOps\products\secreta\apps\api\node_modules\.bin\tsserver.ps1
2025-11-12 19:08:24,437 - INFO - Encontrado: C:\Users\nicol\OneDrive\Avila\AvilaOps\products\secreta\apps\api\node_modules\.bin\tsx.ps1
2025-11-12 19:08:26,127 - INFO - Encontrado: C:\Users\nicol\OneDrive\Avila\AvilaOps\products\camacho\scripts\setup-deploy.ps1
2025-11-12 19:08:26,133 - INFO - Encontrado: C:\Users\nicol\OneDrive\Avila\AvilaOps\products\camacho\node_modules\.bin\acorn.ps1
2025-11-12 19:08:26,133 - INFO - Encontrado: C:\Users\nicol\OneDrive\Avila\AvilaOps\products\camacho\node_modules\.bin\autoprefixer.ps1
2025-11-12 19:08:26,134 - INFO - Encontrado: C:\Users\nicol\OneDrive\Avila\AvilaOps\products\camacho\node_modules\.bin\baseline-browser-mapping.ps1
2025-11-12 19:08:26,134 - INFO - Encontrado: C:\Users\nicol\OneDrive\Avila\AvilaOps\products\camacho\node_modules\.bin\browserslist.ps1
2025-11-12 19:08:26,134 - INFO - Encontrado: C:\Users\nicol\OneDrive\Avila\AvilaOps\products\camacho\node_modules\.bin\cssesc.ps1
2025-11-12 19:08:26,134 - INFO - Encontrado: C:\Users\nicol\OneDrive\Avila\AvilaOps\products\camacho\node_modules\.bin\esbuild.ps1
2025-11-12 19:08:26,134 - INFO - Encontrado: C:\Users\nicol\OneDrive\Avila\AvilaOps\products\camacho\node_modules\.bin\eslint.ps1
2025-11-12 19:08:26,135 - INFO - Encontrado: C:\Users\nicol\OneDrive\Avila\AvilaOps\products\camacho\node_modules\.bin\is-docker.ps1
2025-11-12 19:08:26,135 - INFO - Encontrado: C:\Users\nicol\OneDrive\Avila\AvilaOps\products\camacho\node_modules\.bin\is-inside-container.ps1
2025-11-12 19:08:26,135 - INFO - Encontrado: C:\Users\nicol\OneDrive\Avila\AvilaOps\products\camacho\node_modules\.bin\jiti.ps1
2025-11-12 19:08:26,136 - INFO - Encontrado: C:\Users\nicol\OneDrive\Avila\AvilaOps\products\camacho\node_modules\.bin\js-yaml.ps1
2025-11-12 19:08:26,136 - INFO - Encontrado: C:\Users\nicol\OneDrive\Avila\AvilaOps\products\camacho\node_modules\.bin\jsesc.ps1
2025-11-12 19:08:26,136 - INFO - Encontrado: C:\Users\nicol\OneDrive\Avila\AvilaOps\products\camacho\node_modules\.bin\json5.ps1
2025-11-12 19:08:26,136 - INFO - Encontrado: C:\Users\nicol\OneDrive\Avila\AvilaOps\products\camacho\node_modules\.bin\loose-envify.ps1
2025-11-12 19:08:26,137 - INFO - Encontrado: C:\Users\nicol\OneDrive\Avila\AvilaOps\products\camacho\node_modules\.bin\lz-string.ps1
2025-11-12 19:08:26,137 - INFO - Encontrado: C:\Users\nicol\OneDrive\Avila\AvilaOps\products\camacho\node_modules\.bin\nanoid.ps1
2025-11-12 19:08:26,137 - INFO - Encontrado: C:\Users\nicol\OneDrive\Avila\AvilaOps\products\camacho\node_modules\.bin\napi-postinstall.ps1
2025-11-12 19:08:26,138 - INFO - Encontrado: C:\Users\nicol\OneDrive\Avila\AvilaOps\products\camacho\node_modules\.bin\next.ps1
2025-11-12 19:08:26,138 - INFO - Encontrado: C:\Users\nicol\OneDrive\Avila\AvilaOps\products\camacho\node_modules\.bin\node-which.ps1
2025-11-12 19:08:26,138 - INFO - Encontrado: C:\Users\nicol\OneDrive\Avila\AvilaOps\products\camacho\node_modules\.bin\parser.ps1
2025-11-12 19:08:26,138 - INFO - Encontrado: C:\Users\nicol\OneDrive\Avila\AvilaOps\products\camacho\node_modules\.bin\prettier.ps1
2025-11-12 19:08:26,139 - INFO - Encontrado: C:\Users\nicol\OneDrive\Avila\AvilaOps\products\camacho\node_modules\.bin\proto-loader-gen-types.ps1
2025-11-12 19:08:26,139 - INFO - Encontrado: C:\Users\nicol\OneDrive\Avila\AvilaOps\products\camacho\node_modules\.bin\regexp-tree.ps1
2025-11-12 19:08:26,139 - INFO - Encontrado: C:\Users\nicol\OneDrive\Avila\AvilaOps\products\camacho\node_modules\.bin\resolve.ps1
2025-11-12 19:08:26,139 - INFO - Encontrado: C:\Users\nicol\OneDrive\Avila\AvilaOps\products\camacho\node_modules\.bin\rimraf.ps1
2025-11-12 19:08:26,140 - INFO - Encontrado: C:\Users\nicol\OneDrive\Avila\AvilaOps\products\camacho\node_modules\.bin\rollup.ps1
2025-11-12 19:08:26,140 - INFO - Encontrado: C:\Users\nicol\OneDrive\Avila\AvilaOps\products\camacho\node_modules\.bin\semver.ps1
2025-11-12 19:08:26,140 - INFO - Encontrado: C:\Users\nicol\OneDrive\Avila\AvilaOps\products\camacho\node_modules\.bin\sucrase-node.ps1
2025-11-12 19:08:26,140 - INFO - Encontrado: C:\Users\nicol\OneDrive\Avila\AvilaOps\products\camacho\node_modules\.bin\sucrase.ps1
2025-11-12 19:08:26,141 - INFO - Encontrado: C:\Users\nicol\OneDrive\Avila\AvilaOps\products\camacho\node_modules\.bin\tailwind.ps1
2025-11-12 19:08:26,141 - INFO - Encontrado: C:\Users\nicol\OneDrive\Avila\AvilaOps\products\camacho\node_modules\.bin\tailwindcss.ps1
2025-11-12 19:08:26,141 - INFO - Encontrado: C:\Users\nicol\OneDrive\Avila\AvilaOps\products\camacho\node_modules\.bin\tldts.ps1
2025-11-12 19:08:26,141 - INFO - Encontrado: C:\Users\nicol\OneDrive\Avila\AvilaOps\products\camacho\node_modules\.bin\tsc.ps1
2025-11-12 19:08:26,142 - INFO - Encontrado: C:\Users\nicol\OneDrive\Avila\AvilaOps\products\camacho\node_modules\.bin\tsserver.ps1
2025-11-12 19:08:26,142 - INFO - Encontrado: C:\Users\nicol\OneDrive\Avila\AvilaOps\products\camacho\node_modules\.bin\update-browserslist-db.ps1
2025-11-12 19:08:26,142 - INFO - Encontrado: C:\Users\nicol\OneDrive\Avila\AvilaOps\products\camacho\node_modules\.bin\uuid.ps1
2025-11-12 19:08:26,142 - INFO - Encontrado: C:\Users\nicol\OneDrive\Avila\AvilaOps\products\camacho\node_modules\.bin\vite.ps1
2025-11-12 19:08:26,142 - INFO - Encontrado: C:\Users\nicol\OneDrive\Avila\AvilaOps\products\camacho\node_modules\.bin\vitest.ps1
2025-11-12 19:08:26,143 - INFO - Encontrado: C:\Users\nicol\OneDrive\Avila\AvilaOps\products\camacho\node_modules\.bin\why-is-node-running.ps1
2025-11-12 19:08:26,256 - INFO - Encontrado: C:\Users\nicol\OneDrive\Avila\AvilaOps\products\camacho\node_modules\tsconfig-paths\node_modules\.bin\json5.ps1
2025-11-12 19:08:26,295 - INFO - Encontrado: C:\Users\nicol\OneDrive\Avila\AvilaOps\products\camacho\node_modules\sucrase\node_modules\.bin\glob.ps1
2025-11-12 19:08:26,754 - INFO - Encontrado: C:\Users\nicol\OneDrive\Avila\AvilaOps\products\camacho\node_modules\eslint-plugin-react\node_modules\.bin\resolve.ps1
2025-11-12 19:08:26,755 - INFO - Encontrado: C:\Users\nicol\OneDrive\Avila\AvilaOps\products\camacho\node_modules\eslint-plugin-react\node_modules\.bin\semver.ps1
2025-11-12 19:08:26,791 - INFO - Encontrado: C:\Users\nicol\OneDrive\Avila\AvilaOps\products\camacho\node_modules\eslint-plugin-import\node_modules\.bin\semver.ps1
2025-11-12 19:08:27,508 - INFO - Encontrado: C:\Users\nicol\OneDrive\Avila\AvilaOps\products\camacho\node_modules\@babel\helper-compilation-targets\node_modules\.bin\semver.ps1
2025-11-12 19:08:27,512 - INFO - Encontrado: C:\Users\nicol\OneDrive\Avila\AvilaOps\products\camacho\node_modules\@babel\core\node_modules\.bin\semver.ps1
2025-11-12 19:08:28,117 - INFO - Total de arquivos .ps1 encontrados: 110
2025-11-12 19:12:33,128 - INFO - Operação cancelada pelo usuário.
